#-----------------------------------------------------------
# Vivado v2017.3 (64-bit)
# SW Build 2018833 on Wed Oct  4 19:58:22 MDT 2017
# IP Build 2016188 on Wed Oct  4 21:52:56 MDT 2017
# Start of session at: Thu Jan 11 11:55:33 2018
# Process ID: 64632
# Current directory: C:/Users/user/Desktop/BigHomework OR
# Command line: vivado.exe -gui_launcher_event rodinguilauncherevent55096 C:\Users\user\Desktop\BigHomework OR\BigHomework OR.xpr
# Log file: C:/Users/user/Desktop/BigHomework OR/vivado.log
# Journal file: C:/Users/user/Desktop/BigHomework OR\vivado.jou
#-----------------------------------------------------------
start_gui
open_project {C:/Users/user/Desktop/BigHomework OR/BigHomework OR.xpr}
Scanning sources...
Finished scanning sources
INFO: [IP_Flow 19-234] Refreshing IP repositories
INFO: [IP_Flow 19-1704] No user IP repositories specified
INFO: [IP_Flow 19-2313] Loaded Vivado IP repository 'E:/Xilinx/Vivado/2017.3/data/ip'.
open_project: Time (s): cpu = 00:00:13 ; elapsed = 00:00:05 . Memory (MB): peak = 793.457 ; gain = 16.020
exit
INFO: [Common 17-206] Exiting Vivado at Thu Jan 11 12:10:05 2018...
